<?xml version="1.0" encoding="UTF-8"?>
<!-- Generated by org.testng.reporters.JUnitReportReporter -->
<testsuite skipped="0" hostname="6f48f9b12fa1" name="com.searchmodule.tests.SearchTest" tests="4" failures="0" timestamp="27 Jan 2019 16:36:21 GMT" time="15.928" errors="0">
  <testcase name="search" time="4.728" classname="com.searchmodule.tests.SearchTest"/>
  <testcase name="search" time="3.028" classname="com.searchmodule.tests.SearchTest"/>
  <testcase name="search" time="3.881" classname="com.searchmodule.tests.SearchTest"/>
  <testcase name="search" time="4.291" classname="com.searchmodule.tests.SearchTest"/>
</testsuite> <!-- com.searchmodule.tests.SearchTest -->
