<?xml version="1.0" encoding="UTF-8"?>
<!-- Generated by org.testng.reporters.JUnitReportReporter -->
<testsuite skipped="0" hostname="0d7430fa3905" name="com.newtours.tests.BookFlightTest" tests="20" failures="0" timestamp="27 Jan 2019 16:36:24 GMT" time="30.100" errors="0">
  <testcase name="registrationConfirmationPage" time="0.445" classname="com.newtours.tests.BookFlightTest"/>
  <testcase name="flightConfirmationPage" time="0.712" classname="com.newtours.tests.BookFlightTest"/>
  <testcase name="findFlightPage" time="0.972" classname="com.newtours.tests.BookFlightTest"/>
  <testcase name="flightDetailsPage" time="0.603" classname="com.newtours.tests.BookFlightTest"/>
  <testcase name="registrationPage" time="8.697" classname="com.newtours.tests.BookFlightTest"/>
  <testcase name="flightConfirmationPage" time="0.662" classname="com.newtours.tests.BookFlightTest"/>
  <testcase name="registrationPage" time="2.592" classname="com.newtours.tests.BookFlightTest"/>
  <testcase name="flightConfirmationPage" time="0.951" classname="com.newtours.tests.BookFlightTest"/>
  <testcase name="registrationConfirmationPage" time="0.478" classname="com.newtours.tests.BookFlightTest"/>
  <testcase name="flightConfirmationPage" time="0.641" classname="com.newtours.tests.BookFlightTest"/>
  <testcase name="flightDetailsPage" time="0.594" classname="com.newtours.tests.BookFlightTest"/>
  <testcase name="registrationConfirmationPage" time="0.433" classname="com.newtours.tests.BookFlightTest"/>
  <testcase name="findFlightPage" time="0.897" classname="com.newtours.tests.BookFlightTest"/>
  <testcase name="registrationPage" time="2.629" classname="com.newtours.tests.BookFlightTest"/>
  <testcase name="findFlightPage" time="1.225" classname="com.newtours.tests.BookFlightTest"/>
  <testcase name="flightDetailsPage" time="0.606" classname="com.newtours.tests.BookFlightTest"/>
  <testcase name="registrationPage" time="4.911" classname="com.newtours.tests.BookFlightTest"/>
  <testcase name="findFlightPage" time="1.036" classname="com.newtours.tests.BookFlightTest"/>
  <testcase name="registrationConfirmationPage" time="0.440" classname="com.newtours.tests.BookFlightTest"/>
  <testcase name="flightDetailsPage" time="0.576" classname="com.newtours.tests.BookFlightTest"/>
</testsuite> <!-- com.newtours.tests.BookFlightTest -->
